<?xml version="1.0" encoding="UTF-8"?>
<robot generator="Robot 3.1.1 (Python 3.6.6 on win32)" generated="20190212 07:35:33.388" rpa="false">
<suite id="s1" name="Testing" source="C:\Users\SRIHARI\PycharmProjects\Framework1\Testing.robot">
<test id="s1-t1" name="Login to FB">
<kw name="Open Browser" library="SeleniumLibrary">
<doc>Opens a new browser instance to the given ``url``.</doc>
<arguments>
<arg>http://facebook.com</arg>
<arg>chrome</arg>
</arguments>
<msg timestamp="20190212 07:35:34.450" level="INFO">Opening browser 'chrome' to base url 'http://facebook.com'.</msg>
<status status="PASS" starttime="20190212 07:35:34.450" endtime="20190212 07:36:11.604"></status>
</kw>
<kw name="Input Text" library="SeleniumLibrary">
<doc>Types the given ``text`` into text field identified by ``locator``.</doc>
<arguments>
<arg>id=email</arg>
<arg>testemail</arg>
</arguments>
<msg timestamp="20190212 07:36:11.613" level="INFO">Typing text 'testemail' into text field 'id=email'.</msg>
<status status="PASS" starttime="20190212 07:36:11.612" endtime="20190212 07:36:13.759"></status>
</kw>
<kw name="Sleep" library="BuiltIn">
<doc>Pauses the test executed for the given time.</doc>
<arguments>
<arg>3s</arg>
</arguments>
<msg timestamp="20190212 07:36:16.760" level="INFO">Slept 3 seconds</msg>
<status status="PASS" starttime="20190212 07:36:13.760" endtime="20190212 07:36:16.760"></status>
</kw>
<kw name="Close Browser" library="SeleniumLibrary">
<doc>Closes the current browser.</doc>
<status status="PASS" starttime="20190212 07:36:16.761" endtime="20190212 07:36:19.944"></status>
</kw>
<status status="PASS" starttime="20190212 07:35:34.450" endtime="20190212 07:36:19.944" critical="yes"></status>
</test>
<status status="PASS" starttime="20190212 07:35:33.388" endtime="20190212 07:36:19.944"></status>
</suite>
<statistics>
<total>
<stat pass="1" fail="0">Critical Tests</stat>
<stat pass="1" fail="0">All Tests</stat>
</total>
<tag>
</tag>
<suite>
<stat pass="1" fail="0" id="s1" name="Testing">Testing</stat>
</suite>
</statistics>
<errors>
</errors>
</robot>
